<?xml version="1.0" encoding="UTF-8"?>
<!-- Generated by org.testng.reporters.JUnitReportReporter -->
<testsuite skipped="0" hostname="Harish" name="com.mindoula.test.TestRunner" tests="1" failures="0" timestamp="20 Aug 2018 04:31:50 GMT" time="27.340" errors="0">
  <testcase name="feature" time="27.340" classname="com.mindoula.test.TestRunner"/>
</testsuite> <!-- com.mindoula.test.TestRunner -->
