<?xml version="1.0" encoding="UTF-8"?>
<!-- Generated by org.testng.reporters.JUnitReportReporter -->
<testsuite skipped="0" hostname="DESKTOP-AG24SAE" name="com.mindoula.test.LoginTest" tests="1" failures="0" timestamp="02 Sep 2018 20:20:02 GMT" time="29.473" errors="0">
  <testcase name="feature" time="29.473" classname="com.mindoula.test.LoginTest"/>
</testsuite> <!-- com.mindoula.test.LoginTest -->
